
SQL*Loader: Release 19.0.0.0.0 - Production on Sun Jan 18 23:01:02 2026
Version 19.19.0.0.0

Copyright (c) 1982, 2023, Oracle and/or its affiliates.  All rights reserved.

Control File:   /u01/app/oracle/sample_schemas/sales_history/dem_v3.ctl
Data File:      /u01/app/oracle/sample_schemas/sales_history/dem1v3.dat
  Bad File:     /u01/app/oracle/sample_schemas/sales_history/dem1v3.bad
  Discard File:  none specified
 
 (Allow all discards)

Number to load: ALL
Number to skip: 0
Errors allowed: 50
Continuation:    none specified
Path used:      Direct

Table SUPPLEMENTARY_DEMOGRAPHICS, loaded from every logical record.
Insert option in effect for this table: INSERT

   Column Name                  Position   Len  Term Encl Datatype
------------------------------ ---------- ----- ---- ---- ---------------------
CUST_ID                             FIRST     *   |  O(") CHARACTER            
EDUCATION                            NEXT     *   |  O(") CHARACTER            
OCCUPATION                           NEXT     *   |  O(") CHARACTER            
HOUSEHOLD_SIZE                       NEXT     *   |  O(") CHARACTER            
YRS_RESIDENCE                        NEXT     *   |  O(") CHARACTER            
AFFINITY_CARD                        NEXT     *   |  O(") CHARACTER            
BULK_PACK_DISKETTES                  NEXT     *   |  O(") CHARACTER            
FLAT_PANEL_MONITOR                   NEXT     *   |  O(") CHARACTER            
HOME_THEATER_PACKAGE                 NEXT     *   |  O(") CHARACTER            
BOOKKEEPING_APPLICATION              NEXT     *   |  O(") CHARACTER            
PRINTER_SUPPLIES                     NEXT     *   |  O(") CHARACTER            
Y_BOX_GAMES                          NEXT     *   |  O(") CHARACTER            
OS_DOC_SET_KANJI                     NEXT     *   |  O(") CHARACTER            
COMMENTS                             NEXT     *   |  O(") CHARACTER            


Table SUPPLEMENTARY_DEMOGRAPHICS:
  4500 Rows successfully loaded.
  0 Rows not loaded due to data errors.
  0 Rows not loaded because all WHEN clauses were failed.
  0 Rows not loaded because all fields were null.

Bind array size not used in direct path.
Column array  rows :      10
Stream buffer bytes:  256000
Read   buffer bytes: 1048576

Total logical records skipped:          0
Total logical records read:          4500
Total logical records rejected:         0
Total logical records discarded:        0
Total stream buffers loaded by SQL*Loader main thread:      451
Total stream buffers loaded by SQL*Loader load thread:        0

Run began on Sun Jan 18 23:01:02 2026
Run ended on Sun Jan 18 23:01:02 2026

Elapsed time was:     00:00:00.78
CPU time was:         00:00:00.05
