
SQL*Loader: Release 19.0.0.0.0 - Production on Sun Jan 18 23:01:01 2026
Version 19.19.0.0.0

Copyright (c) 1982, 2023, Oracle and/or its affiliates.  All rights reserved.

Control File:   /u01/app/oracle/sample_schemas/sales_history/dmsal_v3.ctl
Data File:      /u01/app/oracle/sample_schemas/sales_history/dmsal_v3.dat
  Bad File:     /u01/app/oracle/sample_schemas/sales_history/dmsal_v3.bad
  Discard File:  none specified
 
 (Allow all discards)

Number to load: ALL
Number to skip: 0
Errors allowed: 50
Continuation:    none specified
Path used:      Direct

Table SALES, loaded from every logical record.
Insert option in effect for this table: APPEND

   Column Name                  Position   Len  Term Encl Datatype
------------------------------ ---------- ----- ---- ---- ---------------------
PROD_ID                             FIRST     *   |  O(^) CHARACTER            
CUST_ID                              NEXT     *   |  O(^) CHARACTER            
TIME_ID                              NEXT    10   |  O(^) DATE YYYY-MM-DD      
CHANNEL_ID                           NEXT     *   |  O(^) CHARACTER            
PROMO_ID                             NEXT     *   |  O(^) CHARACTER            
QUANTITY_SOLD                        NEXT     *   |  O(^) CHARACTER            
    SQL string for column : "TO_NUMBER(:QUANTITY_SOLD,'99999999.99')"
AMOUNT_SOLD                          NEXT     *   |  O(^) CHARACTER            
    SQL string for column : "TO_NUMBER(:AMOUNT_SOLD,'99999999.99')"


Table SALES:
  2804 Rows successfully loaded.
  0 Rows not loaded due to data errors.
  0 Rows not loaded because all WHEN clauses were failed.
  0 Rows not loaded because all fields were null.

  Date cache:
   Max Size:      1000
   Entries :        12
   Hits    :      2792
   Misses  :         0

  Partition SALES_Q1_1998: 363 Rows loaded.
  Partition SALES_Q1_2000: 352 Rows loaded.
  Partition SALES_Q2_1998: 590 Rows loaded.
  Partition SALES_Q2_2000: 378 Rows loaded.
  Partition SALES_Q4_1998: 1121 Rows loaded.

Bind array size not used in direct path.
Column array  rows :     100
Stream buffer bytes:  256000
Read   buffer bytes: 1048576

Total logical records skipped:          0
Total logical records read:          2804
Total logical records rejected:         0
Total logical records discarded:        0
Total stream buffers loaded by SQL*Loader main thread:       29
Total stream buffers loaded by SQL*Loader load thread:        0

Run began on Sun Jan 18 23:01:01 2026
Run ended on Sun Jan 18 23:01:02 2026

Elapsed time was:     00:00:00.40
CPU time was:         00:00:00.02
